[0.634s] Invoking command in '/home/ibuki/ros2_ws/src/mypkg': CONDA_PROMPT_MODIFIER=(base) PYTHONPATH=/home/ibuki/ros2_ws/src/mypkg/build/mypkg/prefix_override:/usr/lib/python3/dist-packages/colcon_core/task/python/colcon_distutils_commands:/home/ibuki/ros2_ws/src/mypkg/install/mypkg/lib/python3.10/site-packages:${PYTHONPATH} /usr/bin/python3 -W ignore:setup.py install is deprecated -W ignore:easy_install command is deprecated setup.py egg_info --egg-base build/mypkg build --build-base /home/ibuki/ros2_ws/src/mypkg/build/mypkg/build install --record /home/ibuki/ros2_ws/src/mypkg/build/mypkg/install.log --single-version-externally-managed install_data
[0.818s] running egg_info
[0.819s] writing build/mypkg/mypkg.egg-info/PKG-INFO
[0.820s] writing dependency_links to build/mypkg/mypkg.egg-info/dependency_links.txt
[0.821s] writing entry points to build/mypkg/mypkg.egg-info/entry_points.txt
[0.821s] writing requirements to build/mypkg/mypkg.egg-info/requires.txt
[0.821s] writing top-level names to build/mypkg/mypkg.egg-info/top_level.txt
[0.823s] reading manifest file 'build/mypkg/mypkg.egg-info/SOURCES.txt'
[0.824s] adding license file 'LICENSE'
[0.824s] writing manifest file 'build/mypkg/mypkg.egg-info/SOURCES.txt'
[0.825s] running build
[0.825s] running build_py
[0.825s] copying mypkg/degrad.py -> /home/ibuki/ros2_ws/src/mypkg/build/mypkg/build/lib/mypkg
[0.825s] running install
[0.826s] running install_lib
[0.828s] copying /home/ibuki/ros2_ws/src/mypkg/build/mypkg/build/lib/mypkg/degrad.py -> /home/ibuki/ros2_ws/src/mypkg/install/mypkg/lib/python3.10/site-packages/mypkg
[0.828s] byte-compiling /home/ibuki/ros2_ws/src/mypkg/install/mypkg/lib/python3.10/site-packages/mypkg/degrad.py to degrad.cpython-310.pyc
[0.829s] running install_data
[0.829s] running install_egg_info
[0.831s] removing '/home/ibuki/ros2_ws/src/mypkg/install/mypkg/lib/python3.10/site-packages/mypkg-0.0.0-py3.10.egg-info' (and everything under it)
[0.831s] Copying build/mypkg/mypkg.egg-info to /home/ibuki/ros2_ws/src/mypkg/install/mypkg/lib/python3.10/site-packages/mypkg-0.0.0-py3.10.egg-info
[0.832s] running install_scripts
[0.851s] Installing degrad script to /home/ibuki/ros2_ws/src/mypkg/install/mypkg/lib/mypkg
[0.851s] Installing listener script to /home/ibuki/ros2_ws/src/mypkg/install/mypkg/lib/mypkg
[0.851s] Installing talker script to /home/ibuki/ros2_ws/src/mypkg/install/mypkg/lib/mypkg
[0.851s] writing list of installed files to '/home/ibuki/ros2_ws/src/mypkg/build/mypkg/install.log'
[0.872s] Invoked command in '/home/ibuki/ros2_ws/src/mypkg' returned '0': CONDA_PROMPT_MODIFIER=(base) PYTHONPATH=/home/ibuki/ros2_ws/src/mypkg/build/mypkg/prefix_override:/usr/lib/python3/dist-packages/colcon_core/task/python/colcon_distutils_commands:/home/ibuki/ros2_ws/src/mypkg/install/mypkg/lib/python3.10/site-packages:${PYTHONPATH} /usr/bin/python3 -W ignore:setup.py install is deprecated -W ignore:easy_install command is deprecated setup.py egg_info --egg-base build/mypkg build --build-base /home/ibuki/ros2_ws/src/mypkg/build/mypkg/build install --record /home/ibuki/ros2_ws/src/mypkg/build/mypkg/install.log --single-version-externally-managed install_data
