[0.569s] Invoking command in '/home/ibuki/ros2_ws/src/mypkg': CONDA_PROMPT_MODIFIER=(base) PYTHONPATH=/home/ibuki/ros2_ws/src/mypkg/build/mypkg/prefix_override:/usr/lib/python3/dist-packages/colcon_core/task/python/colcon_distutils_commands:/home/ibuki/ros2_ws/src/mypkg/install/mypkg/lib/python3.10/site-packages:${PYTHONPATH} /usr/bin/python3 -W ignore:setup.py install is deprecated -W ignore:easy_install command is deprecated setup.py egg_info --egg-base build/mypkg build --build-base /home/ibuki/ros2_ws/src/mypkg/build/mypkg/build install --record /home/ibuki/ros2_ws/src/mypkg/build/mypkg/install.log --single-version-externally-managed install_data
[0.748s] running egg_info
[0.749s] creating build/mypkg/mypkg.egg-info
[0.749s] writing build/mypkg/mypkg.egg-info/PKG-INFO
[0.750s] writing dependency_links to build/mypkg/mypkg.egg-info/dependency_links.txt
[0.750s] writing entry points to build/mypkg/mypkg.egg-info/entry_points.txt
[0.750s] writing requirements to build/mypkg/mypkg.egg-info/requires.txt
[0.750s] writing top-level names to build/mypkg/mypkg.egg-info/top_level.txt
[0.750s] writing manifest file 'build/mypkg/mypkg.egg-info/SOURCES.txt'
[0.752s] reading manifest file 'build/mypkg/mypkg.egg-info/SOURCES.txt'
[0.752s] adding license file 'LICENSE'
[0.752s] writing manifest file 'build/mypkg/mypkg.egg-info/SOURCES.txt'
[0.752s] running build
[0.753s] running build_py
[0.753s] creating /home/ibuki/ros2_ws/src/mypkg/build/mypkg/build
[0.753s] creating /home/ibuki/ros2_ws/src/mypkg/build/mypkg/build/lib
[0.753s] creating /home/ibuki/ros2_ws/src/mypkg/build/mypkg/build/lib/mypkg
[0.753s] copying mypkg/__init__.py -> /home/ibuki/ros2_ws/src/mypkg/build/mypkg/build/lib/mypkg
[0.754s] copying mypkg/listener.py -> /home/ibuki/ros2_ws/src/mypkg/build/mypkg/build/lib/mypkg
[0.754s] copying mypkg/talker.py -> /home/ibuki/ros2_ws/src/mypkg/build/mypkg/build/lib/mypkg
[0.754s] copying mypkg/degrad.py -> /home/ibuki/ros2_ws/src/mypkg/build/mypkg/build/lib/mypkg
[0.755s] running install
[0.755s] running install_lib
[0.755s] creating /home/ibuki/ros2_ws/src/mypkg/install/mypkg/lib/python3.10/site-packages/mypkg
[0.755s] copying /home/ibuki/ros2_ws/src/mypkg/build/mypkg/build/lib/mypkg/__init__.py -> /home/ibuki/ros2_ws/src/mypkg/install/mypkg/lib/python3.10/site-packages/mypkg
[0.756s] copying /home/ibuki/ros2_ws/src/mypkg/build/mypkg/build/lib/mypkg/listener.py -> /home/ibuki/ros2_ws/src/mypkg/install/mypkg/lib/python3.10/site-packages/mypkg
[0.756s] copying /home/ibuki/ros2_ws/src/mypkg/build/mypkg/build/lib/mypkg/talker.py -> /home/ibuki/ros2_ws/src/mypkg/install/mypkg/lib/python3.10/site-packages/mypkg
[0.756s] copying /home/ibuki/ros2_ws/src/mypkg/build/mypkg/build/lib/mypkg/degrad.py -> /home/ibuki/ros2_ws/src/mypkg/install/mypkg/lib/python3.10/site-packages/mypkg
[0.756s] byte-compiling /home/ibuki/ros2_ws/src/mypkg/install/mypkg/lib/python3.10/site-packages/mypkg/__init__.py to __init__.cpython-310.pyc
[0.757s] byte-compiling /home/ibuki/ros2_ws/src/mypkg/install/mypkg/lib/python3.10/site-packages/mypkg/listener.py to listener.cpython-310.pyc
[0.757s] byte-compiling /home/ibuki/ros2_ws/src/mypkg/install/mypkg/lib/python3.10/site-packages/mypkg/talker.py to talker.cpython-310.pyc
[0.757s] byte-compiling /home/ibuki/ros2_ws/src/mypkg/install/mypkg/lib/python3.10/site-packages/mypkg/degrad.py to degrad.cpython-310.pyc
[0.758s] running install_data
[0.758s] creating /home/ibuki/ros2_ws/src/mypkg/install/mypkg/share/ament_index
[0.758s] creating /home/ibuki/ros2_ws/src/mypkg/install/mypkg/share/ament_index/resource_index
[0.758s] creating /home/ibuki/ros2_ws/src/mypkg/install/mypkg/share/ament_index/resource_index/packages
[0.759s] copying resource/mypkg -> /home/ibuki/ros2_ws/src/mypkg/install/mypkg/share/ament_index/resource_index/packages
[0.759s] copying package.xml -> /home/ibuki/ros2_ws/src/mypkg/install/mypkg/share/mypkg
[0.759s] copying launch/talk_degrad_listen.launch.py -> /home/ibuki/ros2_ws/src/mypkg/install/mypkg/share/mypkg
[0.759s] running install_egg_info
[0.761s] Copying build/mypkg/mypkg.egg-info to /home/ibuki/ros2_ws/src/mypkg/install/mypkg/lib/python3.10/site-packages/mypkg-0.0.0-py3.10.egg-info
[0.762s] running install_scripts
[0.780s] Installing degrad script to /home/ibuki/ros2_ws/src/mypkg/install/mypkg/lib/mypkg
[0.780s] Installing listener script to /home/ibuki/ros2_ws/src/mypkg/install/mypkg/lib/mypkg
[0.781s] Installing talker script to /home/ibuki/ros2_ws/src/mypkg/install/mypkg/lib/mypkg
[0.781s] writing list of installed files to '/home/ibuki/ros2_ws/src/mypkg/build/mypkg/install.log'
[0.804s] Invoked command in '/home/ibuki/ros2_ws/src/mypkg' returned '0': CONDA_PROMPT_MODIFIER=(base) PYTHONPATH=/home/ibuki/ros2_ws/src/mypkg/build/mypkg/prefix_override:/usr/lib/python3/dist-packages/colcon_core/task/python/colcon_distutils_commands:/home/ibuki/ros2_ws/src/mypkg/install/mypkg/lib/python3.10/site-packages:${PYTHONPATH} /usr/bin/python3 -W ignore:setup.py install is deprecated -W ignore:easy_install command is deprecated setup.py egg_info --egg-base build/mypkg build --build-base /home/ibuki/ros2_ws/src/mypkg/build/mypkg/build install --record /home/ibuki/ros2_ws/src/mypkg/build/mypkg/install.log --single-version-externally-managed install_data
