/home/ibuki/ros2_ws/src/mypkg/install/mypkg/lib/python3.10/site-packages/mypkg/__init__.py
/home/ibuki/ros2_ws/src/mypkg/install/mypkg/lib/python3.10/site-packages/mypkg/listener.py
/home/ibuki/ros2_ws/src/mypkg/install/mypkg/lib/python3.10/site-packages/mypkg/talker.py
/home/ibuki/ros2_ws/src/mypkg/install/mypkg/lib/python3.10/site-packages/mypkg/degrad.py
/home/ibuki/ros2_ws/src/mypkg/install/mypkg/lib/python3.10/site-packages/mypkg/__pycache__/__init__.cpython-310.pyc
/home/ibuki/ros2_ws/src/mypkg/install/mypkg/lib/python3.10/site-packages/mypkg/__pycache__/listener.cpython-310.pyc
/home/ibuki/ros2_ws/src/mypkg/install/mypkg/lib/python3.10/site-packages/mypkg/__pycache__/talker.cpython-310.pyc
/home/ibuki/ros2_ws/src/mypkg/install/mypkg/lib/python3.10/site-packages/mypkg/__pycache__/degrad.cpython-310.pyc
/home/ibuki/ros2_ws/src/mypkg/install/mypkg/share/ament_index/resource_index/packages/mypkg
/home/ibuki/ros2_ws/src/mypkg/install/mypkg/share/mypkg/package.xml
/home/ibuki/ros2_ws/src/mypkg/install/mypkg/share/mypkg/talk_degrad_listen.launch.py
/home/ibuki/ros2_ws/src/mypkg/install/mypkg/lib/python3.10/site-packages/mypkg-0.0.0-py3.10.egg-info/PKG-INFO
/home/ibuki/ros2_ws/src/mypkg/install/mypkg/lib/python3.10/site-packages/mypkg-0.0.0-py3.10.egg-info/requires.txt
/home/ibuki/ros2_ws/src/mypkg/install/mypkg/lib/python3.10/site-packages/mypkg-0.0.0-py3.10.egg-info/zip-safe
/home/ibuki/ros2_ws/src/mypkg/install/mypkg/lib/python3.10/site-packages/mypkg-0.0.0-py3.10.egg-info/SOURCES.txt
/home/ibuki/ros2_ws/src/mypkg/install/mypkg/lib/python3.10/site-packages/mypkg-0.0.0-py3.10.egg-info/entry_points.txt
/home/ibuki/ros2_ws/src/mypkg/install/mypkg/lib/python3.10/site-packages/mypkg-0.0.0-py3.10.egg-info/dependency_links.txt
/home/ibuki/ros2_ws/src/mypkg/install/mypkg/lib/python3.10/site-packages/mypkg-0.0.0-py3.10.egg-info/top_level.txt
/home/ibuki/ros2_ws/src/mypkg/install/mypkg/lib/mypkg/degrad
/home/ibuki/ros2_ws/src/mypkg/install/mypkg/lib/mypkg/listener
/home/ibuki/ros2_ws/src/mypkg/install/mypkg/lib/mypkg/talker
